<?xml version="1.0" encoding="UTF-8"?>
<testsuite xmlns:xsi="http://www.w3.org/2001/XMLSchema-instance" xsi:noNamespaceSchemaLocation="https://maven.apache.org/surefire/maven-surefire-plugin/xsd/surefire-test-report.xsd" version="3.0.2" name="testrunner.TestRunner" time="0.166" tests="1" errors="1" skipped="0" failures="0">
  <properties>
[...]
</properties>
  <testcase name="Validate Pizzahut pizza order flow" classname="Validate Pizzahut pizza order flow" time="0.064">
    <error message="Cannot invoke &quot;com.aventstack.extentreports.ExtentTest.log(com.aventstack.extentreports.Status, String)&quot; because &quot;this.extentTest&quot; is null" type="java.lang.NullPointerException"><![CDATA[java.lang.NullPointerException: Cannot invoke "com.aventstack.extentreports.ExtentTest.log(com.aventstack.extentreports.Status, String)" because "this.extentTest" is null
	at stepdefs.SearchPizza.user_launch_pizzahut_application_with(SearchPizza.java:44)
	at ✽.User launch Pizzahut application with "https://www.pizzahut.co.in/"(file:///Users/abhilashreddybanda/Desktop/QAfox/pizzahut-automation/src/test/java/features/SearchPizza.feature:5)
]]></error>
    <system-out><![CDATA[
@Smoke
Scenario Outline: Validate Pizzahut pizza order flow                         # src/test/java/features/SearchPizza.feature:31
  Given User launch Pizzahut application with "https://www.pizzahut.co.in/"  # stepdefs.SearchPizza.user_launch_pizzahut_application_with(java.lang.String)
      java.lang.NullPointerException: Cannot invoke "com.aventstack.extentreports.ExtentTest.log(com.aventstack.extentreports.Status, String)" because "this.extentTest" is null
	at stepdefs.SearchPizza.user_launch_pizzahut_application_with(SearchPizza.java:44)
	at ✽.User launch Pizzahut application with "https://www.pizzahut.co.in/"(file:///Users/abhilashreddybanda/Desktop/QAfox/pizzahut-automation/src/test/java/features/SearchPizza.feature:5)

  When User wait for auto location black pop up screen                       # stepdefs.SearchPizza.user_wait_for_auto_location_black_pop_up_screen()
  Then User close the pop up screen                                          # stepdefs.SearchPizza.user_close_the_pop_up_screen()
  And User see pop up for delivery asking for enter location                 # stepdefs.SearchPizza.user_see_pop_up_for_delivery_asking_for_enter_location()
  Then User type address as "bangalore Palace"                               # stepdefs.SearchPizza.user_type_address_as(java.lang.String)
  And User select first auto populate drop down option                       # stepdefs.SearchPizza.user_select_first_auto_populate_drop_down_option()
  When User navigate to deails page                                          # stepdefs.SearchPizza.user_navigate_to_deails_page()
  Then User validate vegetarian radio button flag is off                     # stepdefs.SearchPizza.user_validate_vegetarian_radio_button_flag_is_off()
  And User clicks on Pizzas menu bar option                                  # stepdefs.SearchPizza.user_clicks_on_pizzas_menu_bar_option()
  When User select add button of any pizza from Recommended                  # stepdefs.SearchPizza.user_select_add_button_of_any_pizza_from_recommended()
  Then User see that the pizza is getting added under Your Basket            # stepdefs.SearchPizza.user_see_that_the_pizza_is_getting_added_under_your_basket()
  And User validate pizza price plus Tax is checkout price                   # stepdefs.SearchPizza.user_validate_pizza_price_plus_tax_is_checkout_price()
  Then User validate checkout button contains Item count                     # stepdefs.SearchPizza.user_validate_checkout_button_contains_item_count()
  And User validate checkout button contains total price count               # stepdefs.SearchPizza.user_validate_checkout_button_contains_total_price_count()
  Then User clicks on Drinks option                                          # stepdefs.SearchPizza.user_clicks_on_drinks_option()
  And User select Pepsi option to add into the Basket                        # stepdefs.SearchPizza.user_select_pepsi_option_to_add_into_the_basket()
  Then User see 2 items are showing under checkout button                    # stepdefs.SearchPizza.user_see_items_are_showing_under_checkout_button(java.lang.Integer)
  And User see total price is now more than before                           # stepdefs.SearchPizza.user_see_total_price_is_now_more_than_before()
  Then User remove the Pizza item from Basket                                # stepdefs.SearchPizza.user_remove_the_pizza_item_from_basket()
  And see Price tag got removed from the checkout button                     # stepdefs.SearchPizza.see_price_tag_got_removed_from_the_checkout_button()
  And User see 1 item showing in checkout button                             # stepdefs.SearchPizza.user_see_item_showing_in_checkout_button(java.lang.Integer)
  Then User Clicks on Checkout button                                        # stepdefs.SearchPizza.user_clicks_on_checkout_button()
  And User goes to checkout page enters "aa" "9123456789" and "aa@gmail.com" # stepdefs.SearchPizza.user_goes_to_checkout_page(java.lang.String,java.lang.String,java.lang.String)
]]></system-out>
  </testcase>
</testsuite>